{"C:\\Users\\hnm02\\Documents\\node\\MongoDBLearning\\vidly\\index.cjs": {"path":"C:\\Users\\hnm02\\Documents\\node\\MongoDBLearning\\vidly\\index.cjs","statementMap":{"0":{"start":{"line":1,"column":16},"end":{"line":1,"column":34}},"1":{"start":{"line":2,"column":15},"end":{"line":2,"column":32}},"2":{"start":{"line":3,"column":15},"end":{"line":3,"column":32}},"3":{"start":{"line":4,"column":14},"end":{"line":4,"column":30}},"4":{"start":{"line":5,"column":16},"end":{"line":5,"column":34}},"5":{"start":{"line":6,"column":18},"end":{"line":6,"column":38}},"6":{"start":{"line":7,"column":12},"end":{"line":7,"column":21}},"7":{"start":{"line":9,"column":0},"end":{"line":9,"column":38}},"8":{"start":{"line":10,"column":0},"end":{"line":10,"column":37}},"9":{"start":{"line":11,"column":0},"end":{"line":11,"column":30}},"10":{"start":{"line":12,"column":0},"end":{"line":12,"column":34}},"11":{"start":{"line":13,"column":0},"end":{"line":13,"column":38}},"12":{"start":{"line":15,"column":0},"end":{"line":15,"column":18}},"13":{"start":{"line":17,"column":0},"end":{"line":17,"column":30}},"14":{"start":{"line":18,"column":0},"end":{"line":18,"column":28}},"15":{"start":{"line":20,"column":0},"end":{"line":23,"column":1}},"16":{"start":{"line":21,"column":2},"end":{"line":21,"column":26}},"17":{"start":{"line":22,"column":2},"end":{"line":22,"column":34}},"18":{"start":{"line":25,"column":16},"end":{"line":27,"column":2}},"19":{"start":{"line":29,"column":13},"end":{"line":29,"column":37}},"20":{"start":{"line":31,"column":15},"end":{"line":33,"column":1}},"21":{"start":{"line":32,"column":2},"end":{"line":32,"column":46}},"22":{"start":{"line":35,"column":0},"end":{"line":35,"column":24}}},"fnMap":{"0":{"name":"(anonymous_0)","decl":{"start":{"line":31,"column":32},"end":{"line":31,"column":33}},"loc":{"start":{"line":32,"column":2},"end":{"line":32,"column":46}},"line":32}},"branchMap":{"0":{"loc":{"start":{"line":20,"column":0},"end":{"line":23,"column":1}},"type":"if","locations":[{"start":{"line":20,"column":0},"end":{"line":23,"column":1}},{"start":{},"end":{}}],"line":20},"1":{"loc":{"start":{"line":29,"column":13},"end":{"line":29,"column":37}},"type":"binary-expr","locations":[{"start":{"line":29,"column":13},"end":{"line":29,"column":29}},{"start":{"line":29,"column":33},"end":{"line":29,"column":37}}],"line":29}},"s":{"0":3,"1":3,"2":3,"3":3,"4":3,"5":3,"6":3,"7":3,"8":3,"9":3,"10":3,"11":3,"12":3,"13":3,"14":3,"15":3,"16":0,"17":0,"18":3,"19":3,"20":3,"21":3,"22":3},"f":{"0":3},"b":{"0":[0,3],"1":[3,3]},"inputSourceMap":null,"_coverageSchema":"1a1c01bbd47fc00a2c39e90264f33305004495a9","hash":"e02515b9ef51f537ce38a520026eda566c1e935c"}
,"C:\\Users\\hnm02\\Documents\\node\\MongoDBLearning\\vidly\\middleware\\admin.cjs": {"path":"C:\\Users\\hnm02\\Documents\\node\\MongoDBLearning\\vidly\\middleware\\admin.cjs","statementMap":{"0":{"start":{"line":1,"column":12},"end":{"line":1,"column":35}},"1":{"start":{"line":2,"column":15},"end":{"line":2,"column":32}},"2":{"start":{"line":4,"column":0},"end":{"line":7,"column":2}},"3":{"start":{"line":5,"column":2},"end":{"line":5,"column":71}},"4":{"start":{"line":5,"column":25},"end":{"line":5,"column":71}},"5":{"start":{"line":6,"column":2},"end":{"line":6,"column":9}}},"fnMap":{"0":{"name":"(anonymous_0)","decl":{"start":{"line":4,"column":17},"end":{"line":4,"column":18}},"loc":{"start":{"line":4,"column":43},"end":{"line":7,"column":1}},"line":4}},"branchMap":{"0":{"loc":{"start":{"line":5,"column":2},"end":{"line":5,"column":71}},"type":"if","locations":[{"start":{"line":5,"column":2},"end":{"line":5,"column":71}},{"start":{},"end":{}}],"line":5}},"s":{"0":3,"1":3,"2":3,"3":0,"4":0,"5":0},"f":{"0":0},"b":{"0":[0,0]},"inputSourceMap":null,"_coverageSchema":"1a1c01bbd47fc00a2c39e90264f33305004495a9","hash":"15cc4ae134583c554f5ca5511a310648f2f783e9"}
,"C:\\Users\\hnm02\\Documents\\node\\MongoDBLearning\\vidly\\middleware\\auth.cjs": {"path":"C:\\Users\\hnm02\\Documents\\node\\MongoDBLearning\\vidly\\middleware\\auth.cjs","statementMap":{"0":{"start":{"line":1,"column":12},"end":{"line":1,"column":35}},"1":{"start":{"line":2,"column":15},"end":{"line":2,"column":32}},"2":{"start":{"line":4,"column":0},"end":{"line":15,"column":2}},"3":{"start":{"line":5,"column":16},"end":{"line":5,"column":42}},"4":{"start":{"line":6,"column":2},"end":{"line":6,"column":79}},"5":{"start":{"line":6,"column":14},"end":{"line":6,"column":79}},"6":{"start":{"line":8,"column":2},"end":{"line":14,"column":3}},"7":{"start":{"line":9,"column":20},"end":{"line":9,"column":66}},"8":{"start":{"line":10,"column":4},"end":{"line":10,"column":23}},"9":{"start":{"line":11,"column":4},"end":{"line":11,"column":11}},"10":{"start":{"line":13,"column":4},"end":{"line":13,"column":43}}},"fnMap":{"0":{"name":"auth","decl":{"start":{"line":4,"column":26},"end":{"line":4,"column":30}},"loc":{"start":{"line":4,"column":47},"end":{"line":15,"column":1}},"line":4}},"branchMap":{"0":{"loc":{"start":{"line":6,"column":2},"end":{"line":6,"column":79}},"type":"if","locations":[{"start":{"line":6,"column":2},"end":{"line":6,"column":79}},{"start":{},"end":{}}],"line":6}},"s":{"0":4,"1":4,"2":4,"3":16,"4":16,"5":3,"6":13,"7":13,"8":12,"9":12,"10":1},"f":{"0":16},"b":{"0":[3,13]},"inputSourceMap":null,"_coverageSchema":"1a1c01bbd47fc00a2c39e90264f33305004495a9","hash":"162ef4806c8642f70dbbdeaf46cb9eb961c09596"}
,"C:\\Users\\hnm02\\Documents\\node\\MongoDBLearning\\vidly\\middleware\\error.cjs": {"path":"C:\\Users\\hnm02\\Documents\\node\\MongoDBLearning\\vidly\\middleware\\error.cjs","statementMap":{"0":{"start":{"line":1,"column":16},"end":{"line":1,"column":34}},"1":{"start":{"line":3,"column":0},"end":{"line":7,"column":2}},"2":{"start":{"line":4,"column":2},"end":{"line":4,"column":29}},"3":{"start":{"line":6,"column":2},"end":{"line":6,"column":48}}},"fnMap":{"0":{"name":"(anonymous_0)","decl":{"start":{"line":3,"column":17},"end":{"line":3,"column":18}},"loc":{"start":{"line":3,"column":48},"end":{"line":7,"column":1}},"line":3}},"branchMap":{},"s":{"0":3,"1":3,"2":0,"3":0},"f":{"0":0},"b":{},"inputSourceMap":null,"_coverageSchema":"1a1c01bbd47fc00a2c39e90264f33305004495a9","hash":"5e2bb62cf20391b1004dbfc812fa0bf97a279efa"}
,"C:\\Users\\hnm02\\Documents\\node\\MongoDBLearning\\vidly\\middleware\\validateObjectId.cjs": {"path":"C:\\Users\\hnm02\\Documents\\node\\MongoDBLearning\\vidly\\middleware\\validateObjectId.cjs","statementMap":{"0":{"start":{"line":1,"column":17},"end":{"line":1,"column":36}},"1":{"start":{"line":3,"column":0},"end":{"line":8,"column":2}},"2":{"start":{"line":4,"column":2},"end":{"line":5,"column":47}},"3":{"start":{"line":5,"column":4},"end":{"line":5,"column":47}},"4":{"start":{"line":7,"column":2},"end":{"line":7,"column":9}}},"fnMap":{"0":{"name":"(anonymous_0)","decl":{"start":{"line":3,"column":17},"end":{"line":3,"column":18}},"loc":{"start":{"line":3,"column":43},"end":{"line":8,"column":1}},"line":3}},"branchMap":{"0":{"loc":{"start":{"line":4,"column":2},"end":{"line":5,"column":47}},"type":"if","locations":[{"start":{"line":4,"column":2},"end":{"line":5,"column":47}},{"start":{},"end":{}}],"line":4}},"s":{"0":3,"1":3,"2":4,"3":2,"4":2},"f":{"0":4},"b":{"0":[2,2]},"inputSourceMap":null,"_coverageSchema":"1a1c01bbd47fc00a2c39e90264f33305004495a9","hash":"b66bc08f112f90b8d1fc8eaba2dc64c5f0c80e03"}
,"C:\\Users\\hnm02\\Documents\\node\\MongoDBLearning\\vidly\\models\\customer.cjs": {"path":"C:\\Users\\hnm02\\Documents\\node\\MongoDBLearning\\vidly\\models\\customer.cjs","statementMap":{"0":{"start":{"line":1,"column":17},"end":{"line":1,"column":36}},"1":{"start":{"line":2,"column":12},"end":{"line":2,"column":26}},"2":{"start":{"line":3,"column":0},"end":{"line":3,"column":44}},"3":{"start":{"line":5,"column":17},"end":{"line":26,"column":1}},"4":{"start":{"line":29,"column":17},"end":{"line":33,"column":4}},"5":{"start":{"line":34,"column":2},"end":{"line":34,"column":35}},"6":{"start":{"line":37,"column":0},"end":{"line":37,"column":28}},"7":{"start":{"line":38,"column":0},"end":{"line":38,"column":36}}},"fnMap":{"0":{"name":"validateCustomer","decl":{"start":{"line":28,"column":9},"end":{"line":28,"column":25}},"loc":{"start":{"line":28,"column":36},"end":{"line":35,"column":1}},"line":28}},"branchMap":{},"s":{"0":3,"1":3,"2":3,"3":3,"4":5,"5":5,"6":3,"7":3},"f":{"0":5},"b":{},"inputSourceMap":null,"_coverageSchema":"1a1c01bbd47fc00a2c39e90264f33305004495a9","hash":"9645606e9c144ec3d8a4ec6e91e69cc7dc4c3a95"}
,"C:\\Users\\hnm02\\Documents\\node\\MongoDBLearning\\vidly\\models\\genre.cjs": {"path":"C:\\Users\\hnm02\\Documents\\node\\MongoDBLearning\\vidly\\models\\genre.cjs","statementMap":{"0":{"start":{"line":1,"column":17},"end":{"line":1,"column":36}},"1":{"start":{"line":2,"column":12},"end":{"line":2,"column":26}},"2":{"start":{"line":3,"column":0},"end":{"line":3,"column":44}},"3":{"start":{"line":5,"column":20},"end":{"line":12,"column":2}},"4":{"start":{"line":14,"column":14},"end":{"line":14,"column":50}},"5":{"start":{"line":17,"column":17},"end":{"line":19,"column":4}},"6":{"start":{"line":20,"column":2},"end":{"line":20,"column":32}},"7":{"start":{"line":23,"column":0},"end":{"line":23,"column":34}},"8":{"start":{"line":24,"column":0},"end":{"line":24,"column":22}},"9":{"start":{"line":26,"column":0},"end":{"line":26,"column":41}}},"fnMap":{"0":{"name":"validateGenrePost","decl":{"start":{"line":16,"column":9},"end":{"line":16,"column":26}},"loc":{"start":{"line":16,"column":34},"end":{"line":21,"column":1}},"line":16}},"branchMap":{},"s":{"0":3,"1":3,"2":3,"3":3,"4":3,"5":6,"6":6,"7":3,"8":3,"9":3},"f":{"0":6},"b":{},"inputSourceMap":null,"_coverageSchema":"1a1c01bbd47fc00a2c39e90264f33305004495a9","hash":"4915ebb57a9192b63c17b7590fc203c681e03c55"}
,"C:\\Users\\hnm02\\Documents\\node\\MongoDBLearning\\vidly\\models\\movie.cjs": {"path":"C:\\Users\\hnm02\\Documents\\node\\MongoDBLearning\\vidly\\models\\movie.cjs","statementMap":{"0":{"start":{"line":1,"column":17},"end":{"line":1,"column":36}},"1":{"start":{"line":2,"column":12},"end":{"line":2,"column":26}},"2":{"start":{"line":4,"column":24},"end":{"line":4,"column":46}},"3":{"start":{"line":6,"column":14},"end":{"line":34,"column":1}},"4":{"start":{"line":37,"column":17},"end":{"line":42,"column":4}},"5":{"start":{"line":44,"column":2},"end":{"line":44,"column":32}},"6":{"start":{"line":47,"column":0},"end":{"line":47,"column":22}},"7":{"start":{"line":48,"column":0},"end":{"line":48,"column":33}}},"fnMap":{"0":{"name":"validateMovie","decl":{"start":{"line":36,"column":9},"end":{"line":36,"column":22}},"loc":{"start":{"line":36,"column":30},"end":{"line":45,"column":1}},"line":36}},"branchMap":{},"s":{"0":3,"1":3,"2":3,"3":3,"4":0,"5":0,"6":3,"7":3},"f":{"0":0},"b":{},"inputSourceMap":null,"_coverageSchema":"1a1c01bbd47fc00a2c39e90264f33305004495a9","hash":"5950d68b066ed5ad1683c80722b8cdf8e1ad847b"}
,"C:\\Users\\hnm02\\Documents\\node\\MongoDBLearning\\vidly\\models\\rental.cjs": {"path":"C:\\Users\\hnm02\\Documents\\node\\MongoDBLearning\\vidly\\models\\rental.cjs","statementMap":{"0":{"start":{"line":1,"column":17},"end":{"line":1,"column":36}},"1":{"start":{"line":2,"column":12},"end":{"line":2,"column":26}},"2":{"start":{"line":4,"column":15},"end":{"line":59,"column":1}},"3":{"start":{"line":62,"column":17},"end":{"line":65,"column":4}},"4":{"start":{"line":66,"column":2},"end":{"line":66,"column":33}},"5":{"start":{"line":69,"column":0},"end":{"line":69,"column":24}},"6":{"start":{"line":70,"column":0},"end":{"line":70,"column":34}}},"fnMap":{"0":{"name":"validateRental","decl":{"start":{"line":61,"column":9},"end":{"line":61,"column":23}},"loc":{"start":{"line":61,"column":32},"end":{"line":67,"column":1}},"line":61}},"branchMap":{},"s":{"0":3,"1":3,"2":3,"3":0,"4":0,"5":3,"6":3},"f":{"0":0},"b":{},"inputSourceMap":null,"_coverageSchema":"1a1c01bbd47fc00a2c39e90264f33305004495a9","hash":"bc6437bee4a27478b8a9046459bdf07152802df1"}
,"C:\\Users\\hnm02\\Documents\\node\\MongoDBLearning\\vidly\\models\\user.cjs": {"path":"C:\\Users\\hnm02\\Documents\\node\\MongoDBLearning\\vidly\\models\\user.cjs","statementMap":{"0":{"start":{"line":1,"column":17},"end":{"line":1,"column":36}},"1":{"start":{"line":2,"column":12},"end":{"line":2,"column":35}},"2":{"start":{"line":3,"column":15},"end":{"line":3,"column":32}},"3":{"start":{"line":4,"column":12},"end":{"line":4,"column":26}},"4":{"start":{"line":5,"column":0},"end":{"line":5,"column":44}},"5":{"start":{"line":6,"column":27},"end":{"line":6,"column":61}},"6":{"start":{"line":8,"column":26},"end":{"line":16,"column":1}},"7":{"start":{"line":18,"column":19},"end":{"line":39,"column":2}},"8":{"start":{"line":41,"column":0},"end":{"line":47,"column":2}},"9":{"start":{"line":42,"column":16},"end":{"line":45,"column":3}},"10":{"start":{"line":46,"column":2},"end":{"line":46,"column":15}},"11":{"start":{"line":49,"column":13},"end":{"line":49,"column":47}},"12":{"start":{"line":55,"column":17},"end":{"line":59,"column":4}},"13":{"start":{"line":60,"column":2},"end":{"line":60,"column":31}},"14":{"start":{"line":62,"column":0},"end":{"line":62,"column":20}},"15":{"start":{"line":64,"column":0},"end":{"line":64,"column":40}}},"fnMap":{"0":{"name":"(anonymous_0)","decl":{"start":{"line":41,"column":39},"end":{"line":41,"column":40}},"loc":{"start":{"line":41,"column":51},"end":{"line":47,"column":1}},"line":41},"1":{"name":"validateUserPost","decl":{"start":{"line":54,"column":9},"end":{"line":54,"column":25}},"loc":{"start":{"line":54,"column":32},"end":{"line":61,"column":1}},"line":54}},"branchMap":{},"s":{"0":5,"1":5,"2":5,"3":5,"4":5,"5":5,"6":5,"7":5,"8":5,"9":17,"10":17,"11":5,"12":0,"13":0,"14":5,"15":5},"f":{"0":17,"1":0},"b":{},"inputSourceMap":null,"_coverageSchema":"1a1c01bbd47fc00a2c39e90264f33305004495a9","hash":"0f345e1f2331a0457be1d38f6fa4ce3afc1c205a"}
,"C:\\Users\\hnm02\\Documents\\node\\MongoDBLearning\\vidly\\routes\\auth.cjs": {"path":"C:\\Users\\hnm02\\Documents\\node\\MongoDBLearning\\vidly\\routes\\auth.cjs","statementMap":{"0":{"start":{"line":1,"column":10},"end":{"line":1,"column":27}},"1":{"start":{"line":2,"column":16},"end":{"line":2,"column":34}},"2":{"start":{"line":3,"column":17},"end":{"line":3,"column":46}},"3":{"start":{"line":4,"column":15},"end":{"line":4,"column":31}},"4":{"start":{"line":5,"column":15},"end":{"line":5,"column":32}},"5":{"start":{"line":6,"column":12},"end":{"line":6,"column":26}},"6":{"start":{"line":8,"column":0},"end":{"line":21,"column":3}},"7":{"start":{"line":9,"column":20},"end":{"line":9,"column":38}},"8":{"start":{"line":10,"column":2},"end":{"line":10,"column":67}},"9":{"start":{"line":10,"column":13},"end":{"line":10,"column":67}},"10":{"start":{"line":12,"column":13},"end":{"line":12,"column":58}},"11":{"start":{"line":13,"column":2},"end":{"line":13,"column":70}},"12":{"start":{"line":13,"column":13},"end":{"line":13,"column":70}},"13":{"start":{"line":15,"column":24},"end":{"line":15,"column":78}},"14":{"start":{"line":16,"column":2},"end":{"line":16,"column":79}},"15":{"start":{"line":16,"column":22},"end":{"line":16,"column":79}},"16":{"start":{"line":18,"column":16},"end":{"line":18,"column":40}},"17":{"start":{"line":20,"column":2},"end":{"line":20,"column":18}},"18":{"start":{"line":24,"column":17},"end":{"line":27,"column":4}},"19":{"start":{"line":28,"column":2},"end":{"line":28,"column":30}},"20":{"start":{"line":31,"column":0},"end":{"line":31,"column":22}}},"fnMap":{"0":{"name":"(anonymous_0)","decl":{"start":{"line":8,"column":17},"end":{"line":8,"column":18}},"loc":{"start":{"line":8,"column":37},"end":{"line":21,"column":1}},"line":8},"1":{"name":"validate","decl":{"start":{"line":23,"column":9},"end":{"line":23,"column":17}},"loc":{"start":{"line":23,"column":23},"end":{"line":29,"column":1}},"line":23}},"branchMap":{"0":{"loc":{"start":{"line":10,"column":2},"end":{"line":10,"column":67}},"type":"if","locations":[{"start":{"line":10,"column":2},"end":{"line":10,"column":67}},{"start":{},"end":{}}],"line":10},"1":{"loc":{"start":{"line":13,"column":2},"end":{"line":13,"column":70}},"type":"if","locations":[{"start":{"line":13,"column":2},"end":{"line":13,"column":70}},{"start":{},"end":{}}],"line":13},"2":{"loc":{"start":{"line":16,"column":2},"end":{"line":16,"column":79}},"type":"if","locations":[{"start":{"line":16,"column":2},"end":{"line":16,"column":79}},{"start":{},"end":{}}],"line":16}},"s":{"0":3,"1":3,"2":3,"3":3,"4":3,"5":3,"6":3,"7":0,"8":0,"9":0,"10":0,"11":0,"12":0,"13":0,"14":0,"15":0,"16":0,"17":0,"18":0,"19":0,"20":3},"f":{"0":0,"1":0},"b":{"0":[0,0],"1":[0,0],"2":[0,0]},"inputSourceMap":null,"_coverageSchema":"1a1c01bbd47fc00a2c39e90264f33305004495a9","hash":"a15945d1ea6016484656c5f6b202cf38e511757e"}
,"C:\\Users\\hnm02\\Documents\\node\\MongoDBLearning\\vidly\\routes\\customers.cjs": {"path":"C:\\Users\\hnm02\\Documents\\node\\MongoDBLearning\\vidly\\routes\\customers.cjs","statementMap":{"0":{"start":{"line":1,"column":16},"end":{"line":1,"column":34}},"1":{"start":{"line":2,"column":13},"end":{"line":2,"column":46}},"2":{"start":{"line":3,"column":14},"end":{"line":3,"column":48}},"3":{"start":{"line":4,"column":25},"end":{"line":4,"column":70}},"4":{"start":{"line":5,"column":31},"end":{"line":5,"column":64}},"5":{"start":{"line":7,"column":15},"end":{"line":7,"column":31}},"6":{"start":{"line":9,"column":0},"end":{"line":12,"column":3}},"7":{"start":{"line":10,"column":20},"end":{"line":10,"column":54}},"8":{"start":{"line":11,"column":2},"end":{"line":11,"column":22}},"9":{"start":{"line":14,"column":0},"end":{"line":25,"column":3}},"10":{"start":{"line":15,"column":20},"end":{"line":15,"column":38}},"11":{"start":{"line":16,"column":2},"end":{"line":16,"column":67}},"12":{"start":{"line":16,"column":13},"end":{"line":16,"column":67}},"13":{"start":{"line":18,"column":17},"end":{"line":22,"column":4}},"14":{"start":{"line":23,"column":2},"end":{"line":23,"column":35}},"15":{"start":{"line":24,"column":2},"end":{"line":24,"column":21}},"16":{"start":{"line":27,"column":0},"end":{"line":47,"column":3}},"17":{"start":{"line":29,"column":20},"end":{"line":29,"column":38}},"18":{"start":{"line":30,"column":2},"end":{"line":30,"column":67}},"19":{"start":{"line":30,"column":13},"end":{"line":30,"column":67}},"20":{"start":{"line":32,"column":19},"end":{"line":38,"column":3}},"21":{"start":{"line":40,"column":2},"end":{"line":43,"column":61}},"22":{"start":{"line":41,"column":4},"end":{"line":43,"column":61}},"23":{"start":{"line":46,"column":2},"end":{"line":46,"column":21}},"24":{"start":{"line":49,"column":0},"end":{"line":58,"column":3}},"25":{"start":{"line":50,"column":19},"end":{"line":50,"column":57}},"26":{"start":{"line":52,"column":2},"end":{"line":55,"column":61}},"27":{"start":{"line":53,"column":4},"end":{"line":55,"column":61}},"28":{"start":{"line":57,"column":2},"end":{"line":57,"column":21}},"29":{"start":{"line":60,"column":0},"end":{"line":69,"column":3}},"30":{"start":{"line":61,"column":19},"end":{"line":61,"column":66}},"31":{"start":{"line":63,"column":2},"end":{"line":66,"column":61}},"32":{"start":{"line":64,"column":4},"end":{"line":66,"column":61}},"33":{"start":{"line":68,"column":2},"end":{"line":68,"column":21}},"34":{"start":{"line":71,"column":0},"end":{"line":71,"column":27}}},"fnMap":{"0":{"name":"(anonymous_0)","decl":{"start":{"line":9,"column":16},"end":{"line":9,"column":17}},"loc":{"start":{"line":9,"column":36},"end":{"line":12,"column":1}},"line":9},"1":{"name":"(anonymous_1)","decl":{"start":{"line":14,"column":23},"end":{"line":14,"column":24}},"loc":{"start":{"line":14,"column":43},"end":{"line":25,"column":1}},"line":14},"2":{"name":"(anonymous_2)","decl":{"start":{"line":27,"column":19},"end":{"line":27,"column":20}},"loc":{"start":{"line":27,"column":39},"end":{"line":47,"column":1}},"line":27},"3":{"name":"(anonymous_3)","decl":{"start":{"line":49,"column":37},"end":{"line":49,"column":38}},"loc":{"start":{"line":49,"column":57},"end":{"line":58,"column":1}},"line":49},"4":{"name":"(anonymous_4)","decl":{"start":{"line":60,"column":37},"end":{"line":60,"column":38}},"loc":{"start":{"line":60,"column":57},"end":{"line":69,"column":1}},"line":60}},"branchMap":{"0":{"loc":{"start":{"line":16,"column":2},"end":{"line":16,"column":67}},"type":"if","locations":[{"start":{"line":16,"column":2},"end":{"line":16,"column":67}},{"start":{},"end":{}}],"line":16},"1":{"loc":{"start":{"line":30,"column":2},"end":{"line":30,"column":67}},"type":"if","locations":[{"start":{"line":30,"column":2},"end":{"line":30,"column":67}},{"start":{},"end":{}}],"line":30},"2":{"loc":{"start":{"line":40,"column":2},"end":{"line":43,"column":61}},"type":"if","locations":[{"start":{"line":40,"column":2},"end":{"line":43,"column":61}},{"start":{},"end":{}}],"line":40},"3":{"loc":{"start":{"line":52,"column":2},"end":{"line":55,"column":61}},"type":"if","locations":[{"start":{"line":52,"column":2},"end":{"line":55,"column":61}},{"start":{},"end":{}}],"line":52},"4":{"loc":{"start":{"line":63,"column":2},"end":{"line":66,"column":61}},"type":"if","locations":[{"start":{"line":63,"column":2},"end":{"line":66,"column":61}},{"start":{},"end":{}}],"line":63}},"s":{"0":3,"1":3,"2":3,"3":3,"4":3,"5":3,"6":3,"7":1,"8":1,"9":3,"10":5,"11":5,"12":3,"13":2,"14":2,"15":2,"16":3,"17":0,"18":0,"19":0,"20":0,"21":0,"22":0,"23":0,"24":3,"25":1,"26":1,"27":0,"28":1,"29":3,"30":0,"31":0,"32":0,"33":0,"34":3},"f":{"0":1,"1":5,"2":0,"3":1,"4":0},"b":{"0":[3,2],"1":[0,0],"2":[0,0],"3":[0,1],"4":[0,0]},"inputSourceMap":null,"_coverageSchema":"1a1c01bbd47fc00a2c39e90264f33305004495a9","hash":"137351c844180d12e8c8085747367f7d0d019b20"}
,"C:\\Users\\hnm02\\Documents\\node\\MongoDBLearning\\vidly\\routes\\genres.cjs": {"path":"C:\\Users\\hnm02\\Documents\\node\\MongoDBLearning\\vidly\\routes\\genres.cjs","statementMap":{"0":{"start":{"line":1,"column":13},"end":{"line":1,"column":46}},"1":{"start":{"line":2,"column":14},"end":{"line":2,"column":48}},"2":{"start":{"line":3,"column":25},"end":{"line":3,"column":70}},"3":{"start":{"line":4,"column":16},"end":{"line":4,"column":34}},"4":{"start":{"line":5,"column":32},"end":{"line":5,"column":62}},"5":{"start":{"line":6,"column":17},"end":{"line":6,"column":36}},"6":{"start":{"line":7,"column":15},"end":{"line":7,"column":31}},"7":{"start":{"line":9,"column":0},"end":{"line":12,"column":3}},"8":{"start":{"line":10,"column":17},"end":{"line":10,"column":48}},"9":{"start":{"line":11,"column":2},"end":{"line":11,"column":19}},"10":{"start":{"line":14,"column":0},"end":{"line":21,"column":3}},"11":{"start":{"line":15,"column":20},"end":{"line":15,"column":42}},"12":{"start":{"line":16,"column":2},"end":{"line":16,"column":67}},"13":{"start":{"line":16,"column":13},"end":{"line":16,"column":67}},"14":{"start":{"line":18,"column":14},"end":{"line":18,"column":48}},"15":{"start":{"line":19,"column":2},"end":{"line":19,"column":29}},"16":{"start":{"line":20,"column":2},"end":{"line":20,"column":18}},"17":{"start":{"line":23,"column":0},"end":{"line":41,"column":3}},"18":{"start":{"line":25,"column":20},"end":{"line":25,"column":42}},"19":{"start":{"line":26,"column":2},"end":{"line":26,"column":67}},"20":{"start":{"line":26,"column":13},"end":{"line":26,"column":67}},"21":{"start":{"line":28,"column":20},"end":{"line":34,"column":3}},"22":{"start":{"line":36,"column":2},"end":{"line":37,"column":78}},"23":{"start":{"line":37,"column":4},"end":{"line":37,"column":78}},"24":{"start":{"line":40,"column":2},"end":{"line":40,"column":18}},"25":{"start":{"line":43,"column":0},"end":{"line":49,"column":3}},"26":{"start":{"line":44,"column":16},"end":{"line":44,"column":51}},"27":{"start":{"line":45,"column":2},"end":{"line":46,"column":78}},"28":{"start":{"line":46,"column":4},"end":{"line":46,"column":78}},"29":{"start":{"line":48,"column":2},"end":{"line":48,"column":18}},"30":{"start":{"line":51,"column":0},"end":{"line":62,"column":3}},"31":{"start":{"line":52,"column":2},"end":{"line":61,"column":3}},"32":{"start":{"line":53,"column":18},"end":{"line":53,"column":62}},"33":{"start":{"line":55,"column":4},"end":{"line":56,"column":80}},"34":{"start":{"line":56,"column":6},"end":{"line":56,"column":80}},"35":{"start":{"line":58,"column":4},"end":{"line":58,"column":20}},"36":{"start":{"line":60,"column":4},"end":{"line":60,"column":37}},"37":{"start":{"line":64,"column":0},"end":{"line":64,"column":24}}},"fnMap":{"0":{"name":"(anonymous_0)","decl":{"start":{"line":9,"column":16},"end":{"line":9,"column":17}},"loc":{"start":{"line":9,"column":36},"end":{"line":12,"column":1}},"line":9},"1":{"name":"(anonymous_1)","decl":{"start":{"line":14,"column":23},"end":{"line":14,"column":24}},"loc":{"start":{"line":14,"column":43},"end":{"line":21,"column":1}},"line":14},"2":{"name":"(anonymous_2)","decl":{"start":{"line":23,"column":19},"end":{"line":23,"column":20}},"loc":{"start":{"line":23,"column":39},"end":{"line":41,"column":1}},"line":23},"3":{"name":"(anonymous_3)","decl":{"start":{"line":43,"column":37},"end":{"line":43,"column":38}},"loc":{"start":{"line":43,"column":57},"end":{"line":49,"column":1}},"line":43},"4":{"name":"(anonymous_4)","decl":{"start":{"line":51,"column":37},"end":{"line":51,"column":38}},"loc":{"start":{"line":51,"column":57},"end":{"line":62,"column":1}},"line":51}},"branchMap":{"0":{"loc":{"start":{"line":16,"column":2},"end":{"line":16,"column":67}},"type":"if","locations":[{"start":{"line":16,"column":2},"end":{"line":16,"column":67}},{"start":{},"end":{}}],"line":16},"1":{"loc":{"start":{"line":26,"column":2},"end":{"line":26,"column":67}},"type":"if","locations":[{"start":{"line":26,"column":2},"end":{"line":26,"column":67}},{"start":{},"end":{}}],"line":26},"2":{"loc":{"start":{"line":36,"column":2},"end":{"line":37,"column":78}},"type":"if","locations":[{"start":{"line":36,"column":2},"end":{"line":37,"column":78}},{"start":{},"end":{}}],"line":36},"3":{"loc":{"start":{"line":45,"column":2},"end":{"line":46,"column":78}},"type":"if","locations":[{"start":{"line":45,"column":2},"end":{"line":46,"column":78}},{"start":{},"end":{}}],"line":45},"4":{"loc":{"start":{"line":55,"column":4},"end":{"line":56,"column":80}},"type":"if","locations":[{"start":{"line":55,"column":4},"end":{"line":56,"column":80}},{"start":{},"end":{}}],"line":55}},"s":{"0":3,"1":3,"2":3,"3":3,"4":3,"5":3,"6":3,"7":3,"8":1,"9":1,"10":3,"11":6,"12":6,"13":3,"14":3,"15":3,"16":3,"17":3,"18":0,"19":0,"20":0,"21":0,"22":0,"23":0,"24":0,"25":3,"26":1,"27":1,"28":0,"29":1,"30":3,"31":0,"32":0,"33":0,"34":0,"35":0,"36":0,"37":3},"f":{"0":1,"1":6,"2":0,"3":1,"4":0},"b":{"0":[3,3],"1":[0,0],"2":[0,0],"3":[0,1],"4":[0,0]},"inputSourceMap":null,"_coverageSchema":"1a1c01bbd47fc00a2c39e90264f33305004495a9","hash":"de57734dd292c8009c10ffffe616f4dccb615152"}
,"C:\\Users\\hnm02\\Documents\\node\\MongoDBLearning\\vidly\\routes\\movies.cjs": {"path":"C:\\Users\\hnm02\\Documents\\node\\MongoDBLearning\\vidly\\routes\\movies.cjs","statementMap":{"0":{"start":{"line":1,"column":16},"end":{"line":1,"column":34}},"1":{"start":{"line":2,"column":28},"end":{"line":2,"column":58}},"2":{"start":{"line":3,"column":18},"end":{"line":3,"column":48}},"3":{"start":{"line":5,"column":15},"end":{"line":5,"column":31}},"4":{"start":{"line":7,"column":0},"end":{"line":10,"column":3}},"5":{"start":{"line":8,"column":17},"end":{"line":8,"column":48}},"6":{"start":{"line":9,"column":2},"end":{"line":9,"column":19}},"7":{"start":{"line":12,"column":0},"end":{"line":31,"column":3}},"8":{"start":{"line":13,"column":20},"end":{"line":13,"column":38}},"9":{"start":{"line":14,"column":2},"end":{"line":14,"column":67}},"10":{"start":{"line":14,"column":13},"end":{"line":14,"column":67}},"11":{"start":{"line":16,"column":16},"end":{"line":16,"column":54}},"12":{"start":{"line":17,"column":2},"end":{"line":17,"column":60}},"13":{"start":{"line":17,"column":14},"end":{"line":17,"column":60}},"14":{"start":{"line":19,"column":16},"end":{"line":27,"column":4}},"15":{"start":{"line":28,"column":2},"end":{"line":28,"column":21}},"16":{"start":{"line":30,"column":2},"end":{"line":30,"column":18}},"17":{"start":{"line":33,"column":0},"end":{"line":58,"column":3}},"18":{"start":{"line":34,"column":20},"end":{"line":34,"column":38}},"19":{"start":{"line":35,"column":2},"end":{"line":35,"column":67}},"20":{"start":{"line":35,"column":13},"end":{"line":35,"column":67}},"21":{"start":{"line":37,"column":16},"end":{"line":37,"column":54}},"22":{"start":{"line":38,"column":2},"end":{"line":38,"column":60}},"23":{"start":{"line":38,"column":14},"end":{"line":38,"column":60}},"24":{"start":{"line":40,"column":16},"end":{"line":52,"column":3}},"25":{"start":{"line":54,"column":2},"end":{"line":55,"column":78}},"26":{"start":{"line":55,"column":4},"end":{"line":55,"column":78}},"27":{"start":{"line":57,"column":2},"end":{"line":57,"column":18}},"28":{"start":{"line":60,"column":0},"end":{"line":67,"column":3}},"29":{"start":{"line":61,"column":16},"end":{"line":61,"column":60}},"30":{"start":{"line":63,"column":2},"end":{"line":64,"column":78}},"31":{"start":{"line":64,"column":4},"end":{"line":64,"column":78}},"32":{"start":{"line":66,"column":2},"end":{"line":66,"column":18}},"33":{"start":{"line":69,"column":0},"end":{"line":76,"column":3}},"34":{"start":{"line":70,"column":16},"end":{"line":70,"column":51}},"35":{"start":{"line":72,"column":2},"end":{"line":73,"column":78}},"36":{"start":{"line":73,"column":4},"end":{"line":73,"column":78}},"37":{"start":{"line":75,"column":2},"end":{"line":75,"column":18}},"38":{"start":{"line":78,"column":0},"end":{"line":78,"column":24}}},"fnMap":{"0":{"name":"(anonymous_0)","decl":{"start":{"line":7,"column":16},"end":{"line":7,"column":17}},"loc":{"start":{"line":7,"column":36},"end":{"line":10,"column":1}},"line":7},"1":{"name":"(anonymous_1)","decl":{"start":{"line":12,"column":17},"end":{"line":12,"column":18}},"loc":{"start":{"line":12,"column":37},"end":{"line":31,"column":1}},"line":12},"2":{"name":"(anonymous_2)","decl":{"start":{"line":33,"column":19},"end":{"line":33,"column":20}},"loc":{"start":{"line":33,"column":39},"end":{"line":58,"column":1}},"line":33},"3":{"name":"(anonymous_3)","decl":{"start":{"line":60,"column":22},"end":{"line":60,"column":23}},"loc":{"start":{"line":60,"column":42},"end":{"line":67,"column":1}},"line":60},"4":{"name":"(anonymous_4)","decl":{"start":{"line":69,"column":19},"end":{"line":69,"column":20}},"loc":{"start":{"line":69,"column":39},"end":{"line":76,"column":1}},"line":69}},"branchMap":{"0":{"loc":{"start":{"line":14,"column":2},"end":{"line":14,"column":67}},"type":"if","locations":[{"start":{"line":14,"column":2},"end":{"line":14,"column":67}},{"start":{},"end":{}}],"line":14},"1":{"loc":{"start":{"line":17,"column":2},"end":{"line":17,"column":60}},"type":"if","locations":[{"start":{"line":17,"column":2},"end":{"line":17,"column":60}},{"start":{},"end":{}}],"line":17},"2":{"loc":{"start":{"line":35,"column":2},"end":{"line":35,"column":67}},"type":"if","locations":[{"start":{"line":35,"column":2},"end":{"line":35,"column":67}},{"start":{},"end":{}}],"line":35},"3":{"loc":{"start":{"line":38,"column":2},"end":{"line":38,"column":60}},"type":"if","locations":[{"start":{"line":38,"column":2},"end":{"line":38,"column":60}},{"start":{},"end":{}}],"line":38},"4":{"loc":{"start":{"line":54,"column":2},"end":{"line":55,"column":78}},"type":"if","locations":[{"start":{"line":54,"column":2},"end":{"line":55,"column":78}},{"start":{},"end":{}}],"line":54},"5":{"loc":{"start":{"line":63,"column":2},"end":{"line":64,"column":78}},"type":"if","locations":[{"start":{"line":63,"column":2},"end":{"line":64,"column":78}},{"start":{},"end":{}}],"line":63},"6":{"loc":{"start":{"line":72,"column":2},"end":{"line":73,"column":78}},"type":"if","locations":[{"start":{"line":72,"column":2},"end":{"line":73,"column":78}},{"start":{},"end":{}}],"line":72}},"s":{"0":3,"1":3,"2":3,"3":3,"4":3,"5":0,"6":0,"7":3,"8":0,"9":0,"10":0,"11":0,"12":0,"13":0,"14":0,"15":0,"16":0,"17":3,"18":0,"19":0,"20":0,"21":0,"22":0,"23":0,"24":0,"25":0,"26":0,"27":0,"28":3,"29":0,"30":0,"31":0,"32":0,"33":3,"34":0,"35":0,"36":0,"37":0,"38":3},"f":{"0":0,"1":0,"2":0,"3":0,"4":0},"b":{"0":[0,0],"1":[0,0],"2":[0,0],"3":[0,0],"4":[0,0],"5":[0,0],"6":[0,0]},"inputSourceMap":null,"_coverageSchema":"1a1c01bbd47fc00a2c39e90264f33305004495a9","hash":"d41200b9f459d5bbacd3d4bd2c949a2fa43a29ae"}
,"C:\\Users\\hnm02\\Documents\\node\\MongoDBLearning\\vidly\\routes\\rentals.cjs": {"path":"C:\\Users\\hnm02\\Documents\\node\\MongoDBLearning\\vidly\\routes\\rentals.cjs","statementMap":{"0":{"start":{"line":1,"column":29},"end":{"line":1,"column":60}},"1":{"start":{"line":2,"column":18},"end":{"line":2,"column":48}},"2":{"start":{"line":3,"column":21},"end":{"line":3,"column":54}},"3":{"start":{"line":4,"column":16},"end":{"line":4,"column":34}},"4":{"start":{"line":5,"column":13},"end":{"line":5,"column":28}},"5":{"start":{"line":6,"column":0},"end":{"line":6,"column":45}},"6":{"start":{"line":8,"column":15},"end":{"line":8,"column":31}},"7":{"start":{"line":10,"column":0},"end":{"line":13,"column":3}},"8":{"start":{"line":11,"column":18},"end":{"line":11,"column":54}},"9":{"start":{"line":12,"column":2},"end":{"line":12,"column":20}},"10":{"start":{"line":15,"column":0},"end":{"line":55,"column":3}},"11":{"start":{"line":16,"column":20},"end":{"line":16,"column":38}},"12":{"start":{"line":17,"column":2},"end":{"line":17,"column":67}},"13":{"start":{"line":17,"column":13},"end":{"line":17,"column":67}},"14":{"start":{"line":19,"column":19},"end":{"line":19,"column":63}},"15":{"start":{"line":20,"column":2},"end":{"line":20,"column":66}},"16":{"start":{"line":20,"column":17},"end":{"line":20,"column":66}},"17":{"start":{"line":22,"column":16},"end":{"line":22,"column":54}},"18":{"start":{"line":23,"column":2},"end":{"line":23,"column":60}},"19":{"start":{"line":23,"column":14},"end":{"line":23,"column":60}},"20":{"start":{"line":25,"column":2},"end":{"line":26,"column":55}},"21":{"start":{"line":26,"column":4},"end":{"line":26,"column":55}},"22":{"start":{"line":28,"column":15},"end":{"line":39,"column":4}},"23":{"start":{"line":41,"column":2},"end":{"line":54,"column":3}},"24":{"start":{"line":42,"column":4},"end":{"line":49,"column":13}},"25":{"start":{"line":51,"column":4},"end":{"line":51,"column":21}},"26":{"start":{"line":53,"column":4},"end":{"line":53,"column":49}},"27":{"start":{"line":57,"column":0},"end":{"line":75,"column":3}},"28":{"start":{"line":59,"column":20},"end":{"line":59,"column":38}},"29":{"start":{"line":60,"column":2},"end":{"line":60,"column":67}},"30":{"start":{"line":60,"column":13},"end":{"line":60,"column":67}},"31":{"start":{"line":62,"column":17},"end":{"line":68,"column":3}},"32":{"start":{"line":70,"column":2},"end":{"line":71,"column":79}},"33":{"start":{"line":71,"column":4},"end":{"line":71,"column":79}},"34":{"start":{"line":74,"column":2},"end":{"line":74,"column":19}},"35":{"start":{"line":77,"column":0},"end":{"line":89,"column":3}},"36":{"start":{"line":78,"column":17},"end":{"line":78,"column":53}},"37":{"start":{"line":79,"column":2},"end":{"line":88,"column":3}},"38":{"start":{"line":80,"column":4},"end":{"line":83,"column":61}},"39":{"start":{"line":81,"column":6},"end":{"line":83,"column":61}},"40":{"start":{"line":85,"column":4},"end":{"line":85,"column":21}},"41":{"start":{"line":87,"column":4},"end":{"line":87,"column":37}},"42":{"start":{"line":91,"column":0},"end":{"line":104,"column":3}},"43":{"start":{"line":92,"column":2},"end":{"line":103,"column":3}},"44":{"start":{"line":93,"column":19},"end":{"line":93,"column":64}},"45":{"start":{"line":95,"column":4},"end":{"line":98,"column":61}},"46":{"start":{"line":96,"column":6},"end":{"line":98,"column":61}},"47":{"start":{"line":100,"column":4},"end":{"line":100,"column":21}},"48":{"start":{"line":102,"column":4},"end":{"line":102,"column":37}},"49":{"start":{"line":106,"column":0},"end":{"line":106,"column":25}}},"fnMap":{"0":{"name":"(anonymous_0)","decl":{"start":{"line":10,"column":16},"end":{"line":10,"column":17}},"loc":{"start":{"line":10,"column":36},"end":{"line":13,"column":1}},"line":10},"1":{"name":"(anonymous_1)","decl":{"start":{"line":15,"column":17},"end":{"line":15,"column":18}},"loc":{"start":{"line":15,"column":37},"end":{"line":55,"column":1}},"line":15},"2":{"name":"(anonymous_2)","decl":{"start":{"line":57,"column":19},"end":{"line":57,"column":20}},"loc":{"start":{"line":57,"column":39},"end":{"line":75,"column":1}},"line":57},"3":{"name":"(anonymous_3)","decl":{"start":{"line":77,"column":19},"end":{"line":77,"column":20}},"loc":{"start":{"line":77,"column":39},"end":{"line":89,"column":1}},"line":77},"4":{"name":"(anonymous_4)","decl":{"start":{"line":91,"column":22},"end":{"line":91,"column":23}},"loc":{"start":{"line":91,"column":42},"end":{"line":104,"column":1}},"line":91}},"branchMap":{"0":{"loc":{"start":{"line":17,"column":2},"end":{"line":17,"column":67}},"type":"if","locations":[{"start":{"line":17,"column":2},"end":{"line":17,"column":67}},{"start":{},"end":{}}],"line":17},"1":{"loc":{"start":{"line":20,"column":2},"end":{"line":20,"column":66}},"type":"if","locations":[{"start":{"line":20,"column":2},"end":{"line":20,"column":66}},{"start":{},"end":{}}],"line":20},"2":{"loc":{"start":{"line":23,"column":2},"end":{"line":23,"column":60}},"type":"if","locations":[{"start":{"line":23,"column":2},"end":{"line":23,"column":60}},{"start":{},"end":{}}],"line":23},"3":{"loc":{"start":{"line":25,"column":2},"end":{"line":26,"column":55}},"type":"if","locations":[{"start":{"line":25,"column":2},"end":{"line":26,"column":55}},{"start":{},"end":{}}],"line":25},"4":{"loc":{"start":{"line":60,"column":2},"end":{"line":60,"column":67}},"type":"if","locations":[{"start":{"line":60,"column":2},"end":{"line":60,"column":67}},{"start":{},"end":{}}],"line":60},"5":{"loc":{"start":{"line":70,"column":2},"end":{"line":71,"column":79}},"type":"if","locations":[{"start":{"line":70,"column":2},"end":{"line":71,"column":79}},{"start":{},"end":{}}],"line":70},"6":{"loc":{"start":{"line":80,"column":4},"end":{"line":83,"column":61}},"type":"if","locations":[{"start":{"line":80,"column":4},"end":{"line":83,"column":61}},{"start":{},"end":{}}],"line":80},"7":{"loc":{"start":{"line":95,"column":4},"end":{"line":98,"column":61}},"type":"if","locations":[{"start":{"line":95,"column":4},"end":{"line":98,"column":61}},{"start":{},"end":{}}],"line":95}},"s":{"0":3,"1":3,"2":3,"3":3,"4":3,"5":3,"6":3,"7":3,"8":0,"9":0,"10":3,"11":0,"12":0,"13":0,"14":0,"15":0,"16":0,"17":0,"18":0,"19":0,"20":0,"21":0,"22":0,"23":0,"24":0,"25":0,"26":0,"27":3,"28":0,"29":0,"30":0,"31":0,"32":0,"33":0,"34":0,"35":3,"36":0,"37":0,"38":0,"39":0,"40":0,"41":0,"42":3,"43":0,"44":0,"45":0,"46":0,"47":0,"48":0,"49":3},"f":{"0":0,"1":0,"2":0,"3":0,"4":0},"b":{"0":[0,0],"1":[0,0],"2":[0,0],"3":[0,0],"4":[0,0],"5":[0,0],"6":[0,0],"7":[0,0]},"inputSourceMap":null,"_coverageSchema":"1a1c01bbd47fc00a2c39e90264f33305004495a9","hash":"29313a1d45c602223fb76002c4ad45419cffaf0a"}
,"C:\\Users\\hnm02\\Documents\\node\\MongoDBLearning\\vidly\\routes\\users.cjs": {"path":"C:\\Users\\hnm02\\Documents\\node\\MongoDBLearning\\vidly\\routes\\users.cjs","statementMap":{"0":{"start":{"line":1,"column":13},"end":{"line":1,"column":46}},"1":{"start":{"line":2,"column":10},"end":{"line":2,"column":27}},"2":{"start":{"line":3,"column":16},"end":{"line":3,"column":34}},"3":{"start":{"line":4,"column":41},"end":{"line":4,"column":70}},"4":{"start":{"line":5,"column":15},"end":{"line":5,"column":31}},"5":{"start":{"line":6,"column":15},"end":{"line":6,"column":32}},"6":{"start":{"line":8,"column":0},"end":{"line":11,"column":3}},"7":{"start":{"line":9,"column":15},"end":{"line":9,"column":68}},"8":{"start":{"line":10,"column":2},"end":{"line":10,"column":17}},"9":{"start":{"line":13,"column":0},"end":{"line":30,"column":3}},"10":{"start":{"line":14,"column":20},"end":{"line":14,"column":42}},"11":{"start":{"line":15,"column":2},"end":{"line":15,"column":67}},"12":{"start":{"line":15,"column":13},"end":{"line":15,"column":67}},"13":{"start":{"line":17,"column":13},"end":{"line":17,"column":58}},"14":{"start":{"line":18,"column":2},"end":{"line":18,"column":68}},"15":{"start":{"line":18,"column":12},"end":{"line":18,"column":68}},"16":{"start":{"line":20,"column":2},"end":{"line":20,"column":67}},"17":{"start":{"line":21,"column":15},"end":{"line":21,"column":39}},"18":{"start":{"line":22,"column":2},"end":{"line":22,"column":57}},"19":{"start":{"line":23,"column":2},"end":{"line":23,"column":20}},"20":{"start":{"line":25,"column":16},"end":{"line":25,"column":40}},"21":{"start":{"line":27,"column":2},"end":{"line":29,"column":50}},"22":{"start":{"line":32,"column":0},"end":{"line":32,"column":23}}},"fnMap":{"0":{"name":"(anonymous_0)","decl":{"start":{"line":8,"column":24},"end":{"line":8,"column":25}},"loc":{"start":{"line":8,"column":44},"end":{"line":11,"column":1}},"line":8},"1":{"name":"(anonymous_1)","decl":{"start":{"line":13,"column":17},"end":{"line":13,"column":18}},"loc":{"start":{"line":13,"column":37},"end":{"line":30,"column":1}},"line":13}},"branchMap":{"0":{"loc":{"start":{"line":15,"column":2},"end":{"line":15,"column":67}},"type":"if","locations":[{"start":{"line":15,"column":2},"end":{"line":15,"column":67}},{"start":{},"end":{}}],"line":15},"1":{"loc":{"start":{"line":18,"column":2},"end":{"line":18,"column":68}},"type":"if","locations":[{"start":{"line":18,"column":2},"end":{"line":18,"column":68}},{"start":{},"end":{}}],"line":18}},"s":{"0":3,"1":3,"2":3,"3":3,"4":3,"5":3,"6":3,"7":0,"8":0,"9":3,"10":0,"11":0,"12":0,"13":0,"14":0,"15":0,"16":0,"17":0,"18":0,"19":0,"20":0,"21":0,"22":3},"f":{"0":0,"1":0},"b":{"0":[0,0],"1":[0,0]},"inputSourceMap":null,"_coverageSchema":"1a1c01bbd47fc00a2c39e90264f33305004495a9","hash":"3cea1e6d8bd9eee7c7ca4a16a389783f536b6d64"}
,"C:\\Users\\hnm02\\Documents\\node\\MongoDBLearning\\vidly\\startup\\config.cjs": {"path":"C:\\Users\\hnm02\\Documents\\node\\MongoDBLearning\\vidly\\startup\\config.cjs","statementMap":{"0":{"start":{"line":1,"column":15},"end":{"line":1,"column":32}},"1":{"start":{"line":3,"column":0},"end":{"line":8,"column":2}},"2":{"start":{"line":4,"column":2},"end":{"line":4,"column":57}},"3":{"start":{"line":5,"column":2},"end":{"line":7,"column":3}},"4":{"start":{"line":6,"column":4},"end":{"line":6,"column":66}}},"fnMap":{"0":{"name":"(anonymous_0)","decl":{"start":{"line":3,"column":17},"end":{"line":3,"column":18}},"loc":{"start":{"line":3,"column":29},"end":{"line":8,"column":1}},"line":3}},"branchMap":{"0":{"loc":{"start":{"line":5,"column":2},"end":{"line":7,"column":3}},"type":"if","locations":[{"start":{"line":5,"column":2},"end":{"line":7,"column":3}},{"start":{},"end":{}}],"line":5}},"s":{"0":3,"1":3,"2":3,"3":3,"4":0},"f":{"0":3},"b":{"0":[0,3]},"inputSourceMap":null,"_coverageSchema":"1a1c01bbd47fc00a2c39e90264f33305004495a9","hash":"1556eccf0eb3ffbbf7b9687488b87d8f600f288a"}
,"C:\\Users\\hnm02\\Documents\\node\\MongoDBLearning\\vidly\\startup\\db.cjs": {"path":"C:\\Users\\hnm02\\Documents\\node\\MongoDBLearning\\vidly\\startup\\db.cjs","statementMap":{"0":{"start":{"line":1,"column":16},"end":{"line":1,"column":34}},"1":{"start":{"line":2,"column":17},"end":{"line":2,"column":36}},"2":{"start":{"line":3,"column":15},"end":{"line":3,"column":32}},"3":{"start":{"line":5,"column":16},"end":{"line":7,"column":2}},"4":{"start":{"line":8,"column":0},"end":{"line":11,"column":2}},"5":{"start":{"line":9,"column":13},"end":{"line":9,"column":29}},"6":{"start":{"line":10,"column":2},"end":{"line":10,"column":73}},"7":{"start":{"line":10,"column":34},"end":{"line":10,"column":71}}},"fnMap":{"0":{"name":"(anonymous_0)","decl":{"start":{"line":8,"column":17},"end":{"line":8,"column":18}},"loc":{"start":{"line":8,"column":29},"end":{"line":11,"column":1}},"line":8},"1":{"name":"(anonymous_1)","decl":{"start":{"line":10,"column":28},"end":{"line":10,"column":29}},"loc":{"start":{"line":10,"column":34},"end":{"line":10,"column":71}},"line":10}},"branchMap":{},"s":{"0":3,"1":3,"2":3,"3":3,"4":3,"5":3,"6":3,"7":3},"f":{"0":3,"1":3},"b":{},"inputSourceMap":null,"_coverageSchema":"1a1c01bbd47fc00a2c39e90264f33305004495a9","hash":"aa136cb25059a65369f60442e067e5db92fea96f"}
,"C:\\Users\\hnm02\\Documents\\node\\MongoDBLearning\\vidly\\startup\\logging.cjs": {"path":"C:\\Users\\hnm02\\Documents\\node\\MongoDBLearning\\vidly\\startup\\logging.cjs","statementMap":{"0":{"start":{"line":1,"column":16},"end":{"line":1,"column":34}},"1":{"start":{"line":2,"column":16},"end":{"line":2,"column":34}},"2":{"start":{"line":3,"column":0},"end":{"line":3,"column":27}},"3":{"start":{"line":4,"column":0},"end":{"line":4,"column":32}},"4":{"start":{"line":6,"column":0},"end":{"line":52,"column":2}},"5":{"start":{"line":7,"column":2},"end":{"line":9,"column":4}},"6":{"start":{"line":24,"column":2},"end":{"line":24,"column":50}},"7":{"start":{"line":25,"column":2},"end":{"line":25,"column":26}},"8":{"start":{"line":26,"column":2},"end":{"line":31,"column":5}},"9":{"start":{"line":27,"column":4},"end":{"line":29,"column":5}},"10":{"start":{"line":28,"column":6},"end":{"line":28,"column":55}},"11":{"start":{"line":30,"column":4},"end":{"line":30,"column":11}},"12":{"start":{"line":33,"column":18},"end":{"line":42,"column":4}},"13":{"start":{"line":44,"column":2},"end":{"line":51,"column":5}},"14":{"start":{"line":45,"column":4},"end":{"line":49,"column":6}},"15":{"start":{"line":50,"column":4},"end":{"line":50,"column":11}}},"fnMap":{"0":{"name":"(anonymous_0)","decl":{"start":{"line":6,"column":17},"end":{"line":6,"column":18}},"loc":{"start":{"line":6,"column":32},"end":{"line":52,"column":1}},"line":6},"1":{"name":"(anonymous_1)","decl":{"start":{"line":26,"column":10},"end":{"line":26,"column":11}},"loc":{"start":{"line":26,"column":36},"end":{"line":31,"column":3}},"line":26},"2":{"name":"(anonymous_2)","decl":{"start":{"line":44,"column":10},"end":{"line":44,"column":11}},"loc":{"start":{"line":44,"column":30},"end":{"line":51,"column":3}},"line":44}},"branchMap":{"0":{"loc":{"start":{"line":27,"column":4},"end":{"line":29,"column":5}},"type":"if","locations":[{"start":{"line":27,"column":4},"end":{"line":29,"column":5}},{"start":{},"end":{}}],"line":27}},"s":{"0":3,"1":3,"2":3,"3":3,"4":3,"5":3,"6":3,"7":3,"8":3,"9":21,"10":0,"11":21,"12":3,"13":3,"14":21,"15":21},"f":{"0":3,"1":21,"2":21},"b":{"0":[0,21]},"inputSourceMap":null,"_coverageSchema":"1a1c01bbd47fc00a2c39e90264f33305004495a9","hash":"71e7822792480fe63276e3253bed5a9fd28e10d2"}
,"C:\\Users\\hnm02\\Documents\\node\\MongoDBLearning\\vidly\\startup\\routes.cjs": {"path":"C:\\Users\\hnm02\\Documents\\node\\MongoDBLearning\\vidly\\startup\\routes.cjs","statementMap":{"0":{"start":{"line":1,"column":16},"end":{"line":1,"column":34}},"1":{"start":{"line":2,"column":19},"end":{"line":2,"column":50}},"2":{"start":{"line":3,"column":22},"end":{"line":3,"column":56}},"3":{"start":{"line":4,"column":19},"end":{"line":4,"column":50}},"4":{"start":{"line":5,"column":20},"end":{"line":5,"column":52}},"5":{"start":{"line":6,"column":18},"end":{"line":6,"column":48}},"6":{"start":{"line":7,"column":17},"end":{"line":7,"column":46}},"7":{"start":{"line":8,"column":20},"end":{"line":8,"column":54}},"8":{"start":{"line":10,"column":0},"end":{"line":19,"column":2}},"9":{"start":{"line":11,"column":2},"end":{"line":11,"column":26}},"10":{"start":{"line":12,"column":2},"end":{"line":12,"column":33}},"11":{"start":{"line":13,"column":2},"end":{"line":13,"column":39}},"12":{"start":{"line":14,"column":2},"end":{"line":14,"column":33}},"13":{"start":{"line":15,"column":2},"end":{"line":15,"column":35}},"14":{"start":{"line":16,"column":2},"end":{"line":16,"column":31}},"15":{"start":{"line":17,"column":2},"end":{"line":17,"column":29}},"16":{"start":{"line":18,"column":2},"end":{"line":18,"column":23}}},"fnMap":{"0":{"name":"(anonymous_0)","decl":{"start":{"line":10,"column":17},"end":{"line":10,"column":18}},"loc":{"start":{"line":10,"column":32},"end":{"line":19,"column":1}},"line":10}},"branchMap":{},"s":{"0":3,"1":3,"2":3,"3":3,"4":3,"5":3,"6":3,"7":3,"8":3,"9":3,"10":3,"11":3,"12":3,"13":3,"14":3,"15":3,"16":3},"f":{"0":3},"b":{},"inputSourceMap":null,"_coverageSchema":"1a1c01bbd47fc00a2c39e90264f33305004495a9","hash":"8393997b8050400f2b683108c925090c40c3a7a5"}
,"C:\\Users\\hnm02\\Documents\\node\\MongoDBLearning\\vidly\\startup\\validation.cjs": {"path":"C:\\Users\\hnm02\\Documents\\node\\MongoDBLearning\\vidly\\startup\\validation.cjs","statementMap":{"0":{"start":{"line":1,"column":12},"end":{"line":1,"column":26}},"1":{"start":{"line":3,"column":0},"end":{"line":5,"column":2}},"2":{"start":{"line":4,"column":2},"end":{"line":4,"column":46}}},"fnMap":{"0":{"name":"(anonymous_0)","decl":{"start":{"line":3,"column":17},"end":{"line":3,"column":18}},"loc":{"start":{"line":3,"column":29},"end":{"line":5,"column":1}},"line":3}},"branchMap":{},"s":{"0":3,"1":3,"2":3},"f":{"0":3},"b":{},"inputSourceMap":null,"_coverageSchema":"1a1c01bbd47fc00a2c39e90264f33305004495a9","hash":"2baf275e0ab05c80af7ece40fd29937fcd8e5db6"}
}
