TN:
SF:index.cjs
FN:31,(anonymous_0)
FNF:1
FNH:1
FNDA:3,(anonymous_0)
DA:1,3
DA:2,3
DA:3,3
DA:4,3
DA:5,3
DA:6,3
DA:7,3
DA:9,3
DA:10,3
DA:11,3
DA:12,3
DA:13,3
DA:15,3
DA:17,3
DA:18,3
DA:20,3
DA:21,0
DA:22,0
DA:25,3
DA:29,3
DA:31,3
DA:32,3
DA:35,3
LF:23
LH:21
BRDA:20,0,0,0
BRDA:20,0,1,3
BRDA:29,1,0,3
BRDA:29,1,1,3
BRF:4
BRH:3
end_of_record
TN:
SF:middleware\admin.cjs
FN:4,(anonymous_0)
FNF:1
FNH:0
FNDA:0,(anonymous_0)
DA:1,3
DA:2,3
DA:4,3
DA:5,0
DA:6,0
LF:5
LH:3
BRDA:5,0,0,0
BRDA:5,0,1,0
BRF:2
BRH:0
end_of_record
TN:
SF:middleware\auth.cjs
FN:4,auth
FNF:1
FNH:1
FNDA:16,auth
DA:1,4
DA:2,4
DA:4,4
DA:5,16
DA:6,16
DA:8,13
DA:9,13
DA:10,12
DA:11,12
DA:13,1
LF:10
LH:10
BRDA:6,0,0,3
BRDA:6,0,1,13
BRF:2
BRH:2
end_of_record
TN:
SF:middleware\error.cjs
FN:3,(anonymous_0)
FNF:1
FNH:0
FNDA:0,(anonymous_0)
DA:1,3
DA:3,3
DA:4,0
DA:6,0
LF:4
LH:2
BRF:0
BRH:0
end_of_record
TN:
SF:middleware\validateObjectId.cjs
FN:3,(anonymous_0)
FNF:1
FNH:1
FNDA:4,(anonymous_0)
DA:1,3
DA:3,3
DA:4,4
DA:5,2
DA:7,2
LF:5
LH:5
BRDA:4,0,0,2
BRDA:4,0,1,2
BRF:2
BRH:2
end_of_record
TN:
SF:models\customer.cjs
FN:28,validateCustomer
FNF:1
FNH:1
FNDA:5,validateCustomer
DA:1,3
DA:2,3
DA:3,3
DA:5,3
DA:29,5
DA:34,5
DA:37,3
DA:38,3
LF:8
LH:8
BRF:0
BRH:0
end_of_record
TN:
SF:models\genre.cjs
FN:16,validateGenrePost
FNF:1
FNH:1
FNDA:6,validateGenrePost
DA:1,3
DA:2,3
DA:3,3
DA:5,3
DA:14,3
DA:17,6
DA:20,6
DA:23,3
DA:24,3
DA:26,3
LF:10
LH:10
BRF:0
BRH:0
end_of_record
TN:
SF:models\movie.cjs
FN:36,validateMovie
FNF:1
FNH:0
FNDA:0,validateMovie
DA:1,3
DA:2,3
DA:4,3
DA:6,3
DA:37,0
DA:44,0
DA:47,3
DA:48,3
LF:8
LH:6
BRF:0
BRH:0
end_of_record
TN:
SF:models\rental.cjs
FN:61,validateRental
FNF:1
FNH:0
FNDA:0,validateRental
DA:1,3
DA:2,3
DA:4,3
DA:62,0
DA:66,0
DA:69,3
DA:70,3
LF:7
LH:5
BRF:0
BRH:0
end_of_record
TN:
SF:models\user.cjs
FN:41,(anonymous_0)
FN:54,validateUserPost
FNF:2
FNH:1
FNDA:17,(anonymous_0)
FNDA:0,validateUserPost
DA:1,5
DA:2,5
DA:3,5
DA:4,5
DA:5,5
DA:6,5
DA:8,5
DA:18,5
DA:41,5
DA:42,17
DA:46,17
DA:49,5
DA:55,0
DA:60,0
DA:62,5
DA:64,5
LF:16
LH:14
BRF:0
BRH:0
end_of_record
TN:
SF:routes\auth.cjs
FN:8,(anonymous_0)
FN:23,validate
FNF:2
FNH:0
FNDA:0,(anonymous_0)
FNDA:0,validate
DA:1,3
DA:2,3
DA:3,3
DA:4,3
DA:5,3
DA:6,3
DA:8,3
DA:9,0
DA:10,0
DA:12,0
DA:13,0
DA:15,0
DA:16,0
DA:18,0
DA:20,0
DA:24,0
DA:28,0
DA:31,3
LF:18
LH:8
BRDA:10,0,0,0
BRDA:10,0,1,0
BRDA:13,1,0,0
BRDA:13,1,1,0
BRDA:16,2,0,0
BRDA:16,2,1,0
BRF:6
BRH:0
end_of_record
TN:
SF:routes\customers.cjs
FN:9,(anonymous_0)
FN:14,(anonymous_1)
FN:27,(anonymous_2)
FN:49,(anonymous_3)
FN:60,(anonymous_4)
FNF:5
FNH:3
FNDA:1,(anonymous_0)
FNDA:5,(anonymous_1)
FNDA:0,(anonymous_2)
FNDA:1,(anonymous_3)
FNDA:0,(anonymous_4)
DA:1,3
DA:2,3
DA:3,3
DA:4,3
DA:5,3
DA:7,3
DA:9,3
DA:10,1
DA:11,1
DA:14,3
DA:15,5
DA:16,5
DA:18,2
DA:23,2
DA:24,2
DA:27,3
DA:29,0
DA:30,0
DA:32,0
DA:40,0
DA:41,0
DA:46,0
DA:49,3
DA:50,1
DA:52,1
DA:53,0
DA:57,1
DA:60,3
DA:61,0
DA:63,0
DA:64,0
DA:68,0
DA:71,3
LF:33
LH:22
BRDA:16,0,0,3
BRDA:16,0,1,2
BRDA:30,1,0,0
BRDA:30,1,1,0
BRDA:40,2,0,0
BRDA:40,2,1,0
BRDA:52,3,0,0
BRDA:52,3,1,1
BRDA:63,4,0,0
BRDA:63,4,1,0
BRF:10
BRH:3
end_of_record
TN:
SF:routes\genres.cjs
FN:9,(anonymous_0)
FN:14,(anonymous_1)
FN:23,(anonymous_2)
FN:43,(anonymous_3)
FN:51,(anonymous_4)
FNF:5
FNH:3
FNDA:1,(anonymous_0)
FNDA:6,(anonymous_1)
FNDA:0,(anonymous_2)
FNDA:1,(anonymous_3)
FNDA:0,(anonymous_4)
DA:1,3
DA:2,3
DA:3,3
DA:4,3
DA:5,3
DA:6,3
DA:7,3
DA:9,3
DA:10,1
DA:11,1
DA:14,3
DA:15,6
DA:16,6
DA:18,3
DA:19,3
DA:20,3
DA:23,3
DA:25,0
DA:26,0
DA:28,0
DA:36,0
DA:37,0
DA:40,0
DA:43,3
DA:44,1
DA:45,1
DA:46,0
DA:48,1
DA:51,3
DA:52,0
DA:53,0
DA:55,0
DA:56,0
DA:58,0
DA:60,0
DA:64,3
LF:36
LH:23
BRDA:16,0,0,3
BRDA:16,0,1,3
BRDA:26,1,0,0
BRDA:26,1,1,0
BRDA:36,2,0,0
BRDA:36,2,1,0
BRDA:45,3,0,0
BRDA:45,3,1,1
BRDA:55,4,0,0
BRDA:55,4,1,0
BRF:10
BRH:3
end_of_record
TN:
SF:routes\movies.cjs
FN:7,(anonymous_0)
FN:12,(anonymous_1)
FN:33,(anonymous_2)
FN:60,(anonymous_3)
FN:69,(anonymous_4)
FNF:5
FNH:0
FNDA:0,(anonymous_0)
FNDA:0,(anonymous_1)
FNDA:0,(anonymous_2)
FNDA:0,(anonymous_3)
FNDA:0,(anonymous_4)
DA:1,3
DA:2,3
DA:3,3
DA:5,3
DA:7,3
DA:8,0
DA:9,0
DA:12,3
DA:13,0
DA:14,0
DA:16,0
DA:17,0
DA:19,0
DA:28,0
DA:30,0
DA:33,3
DA:34,0
DA:35,0
DA:37,0
DA:38,0
DA:40,0
DA:54,0
DA:55,0
DA:57,0
DA:60,3
DA:61,0
DA:63,0
DA:64,0
DA:66,0
DA:69,3
DA:70,0
DA:72,0
DA:73,0
DA:75,0
DA:78,3
LF:35
LH:10
BRDA:14,0,0,0
BRDA:14,0,1,0
BRDA:17,1,0,0
BRDA:17,1,1,0
BRDA:35,2,0,0
BRDA:35,2,1,0
BRDA:38,3,0,0
BRDA:38,3,1,0
BRDA:54,4,0,0
BRDA:54,4,1,0
BRDA:63,5,0,0
BRDA:63,5,1,0
BRDA:72,6,0,0
BRDA:72,6,1,0
BRF:14
BRH:0
end_of_record
TN:
SF:routes\rentals.cjs
FN:10,(anonymous_0)
FN:15,(anonymous_1)
FN:57,(anonymous_2)
FN:77,(anonymous_3)
FN:91,(anonymous_4)
FNF:5
FNH:0
FNDA:0,(anonymous_0)
FNDA:0,(anonymous_1)
FNDA:0,(anonymous_2)
FNDA:0,(anonymous_3)
FNDA:0,(anonymous_4)
DA:1,3
DA:2,3
DA:3,3
DA:4,3
DA:5,3
DA:6,3
DA:8,3
DA:10,3
DA:11,0
DA:12,0
DA:15,3
DA:16,0
DA:17,0
DA:19,0
DA:20,0
DA:22,0
DA:23,0
DA:25,0
DA:26,0
DA:28,0
DA:41,0
DA:42,0
DA:51,0
DA:53,0
DA:57,3
DA:59,0
DA:60,0
DA:62,0
DA:70,0
DA:71,0
DA:74,0
DA:77,3
DA:78,0
DA:79,0
DA:80,0
DA:81,0
DA:85,0
DA:87,0
DA:91,3
DA:92,0
DA:93,0
DA:95,0
DA:96,0
DA:100,0
DA:102,0
DA:106,3
LF:46
LH:13
BRDA:17,0,0,0
BRDA:17,0,1,0
BRDA:20,1,0,0
BRDA:20,1,1,0
BRDA:23,2,0,0
BRDA:23,2,1,0
BRDA:25,3,0,0
BRDA:25,3,1,0
BRDA:60,4,0,0
BRDA:60,4,1,0
BRDA:70,5,0,0
BRDA:70,5,1,0
BRDA:80,6,0,0
BRDA:80,6,1,0
BRDA:95,7,0,0
BRDA:95,7,1,0
BRF:16
BRH:0
end_of_record
TN:
SF:routes\users.cjs
FN:8,(anonymous_0)
FN:13,(anonymous_1)
FNF:2
FNH:0
FNDA:0,(anonymous_0)
FNDA:0,(anonymous_1)
DA:1,3
DA:2,3
DA:3,3
DA:4,3
DA:5,3
DA:6,3
DA:8,3
DA:9,0
DA:10,0
DA:13,3
DA:14,0
DA:15,0
DA:17,0
DA:18,0
DA:20,0
DA:21,0
DA:22,0
DA:23,0
DA:25,0
DA:27,0
DA:32,3
LF:21
LH:9
BRDA:15,0,0,0
BRDA:15,0,1,0
BRDA:18,1,0,0
BRDA:18,1,1,0
BRF:4
BRH:0
end_of_record
TN:
SF:startup\config.cjs
FN:3,(anonymous_0)
FNF:1
FNH:1
FNDA:3,(anonymous_0)
DA:1,3
DA:3,3
DA:4,3
DA:5,3
DA:6,0
LF:5
LH:4
BRDA:5,0,0,0
BRDA:5,0,1,3
BRF:2
BRH:1
end_of_record
TN:
SF:startup\db.cjs
FN:8,(anonymous_0)
FN:10,(anonymous_1)
FNF:2
FNH:2
FNDA:3,(anonymous_0)
FNDA:3,(anonymous_1)
DA:1,3
DA:2,3
DA:3,3
DA:5,3
DA:8,3
DA:9,3
DA:10,3
LF:7
LH:7
BRF:0
BRH:0
end_of_record
TN:
SF:startup\logging.cjs
FN:6,(anonymous_0)
FN:26,(anonymous_1)
FN:44,(anonymous_2)
FNF:3
FNH:3
FNDA:3,(anonymous_0)
FNDA:21,(anonymous_1)
FNDA:21,(anonymous_2)
DA:1,3
DA:2,3
DA:3,3
DA:4,3
DA:6,3
DA:7,3
DA:24,3
DA:25,3
DA:26,3
DA:27,21
DA:28,0
DA:30,21
DA:33,3
DA:44,3
DA:45,21
DA:50,21
LF:16
LH:15
BRDA:27,0,0,0
BRDA:27,0,1,21
BRF:2
BRH:1
end_of_record
TN:
SF:startup\routes.cjs
FN:10,(anonymous_0)
FNF:1
FNH:1
FNDA:3,(anonymous_0)
DA:1,3
DA:2,3
DA:3,3
DA:4,3
DA:5,3
DA:6,3
DA:7,3
DA:8,3
DA:10,3
DA:11,3
DA:12,3
DA:13,3
DA:14,3
DA:15,3
DA:16,3
DA:17,3
DA:18,3
LF:17
LH:17
BRF:0
BRH:0
end_of_record
TN:
SF:startup\validation.cjs
FN:3,(anonymous_0)
FNF:1
FNH:1
FNDA:3,(anonymous_0)
DA:1,3
DA:3,3
DA:4,3
LF:3
LH:3
BRF:0
BRH:0
end_of_record
