TN:
SF:index.cjs
FN:31,(anonymous_0)
FNF:1
FNH:1
FNDA:2,(anonymous_0)
DA:1,2
DA:2,2
DA:3,2
DA:4,2
DA:5,2
DA:6,2
DA:7,2
DA:9,2
DA:10,2
DA:11,2
DA:12,2
DA:13,2
DA:15,2
DA:17,2
DA:18,2
DA:20,2
DA:21,0
DA:22,0
DA:25,2
DA:29,2
DA:31,2
DA:32,2
DA:35,2
LF:23
LH:21
BRDA:20,0,0,0
BRDA:20,0,1,2
BRDA:29,1,0,2
BRDA:29,1,1,2
BRF:4
BRH:3
end_of_record
TN:
SF:middleware\admin.cjs
FN:4,(anonymous_0)
FNF:1
FNH:0
FNDA:0,(anonymous_0)
DA:1,2
DA:2,2
DA:4,2
DA:5,0
DA:6,0
LF:5
LH:3
BRDA:5,0,0,0
BRDA:5,0,1,0
BRF:2
BRH:0
end_of_record
TN:
SF:middleware\auth.cjs
FN:4,auth
FNF:1
FNH:1
FNDA:10,auth
DA:1,3
DA:2,3
DA:4,3
DA:5,10
DA:6,10
DA:8,8
DA:9,8
DA:10,7
DA:11,7
DA:13,1
LF:10
LH:10
BRDA:6,0,0,2
BRDA:6,0,1,8
BRF:2
BRH:2
end_of_record
TN:
SF:middleware\error.cjs
FN:3,(anonymous_0)
FNF:1
FNH:0
FNDA:0,(anonymous_0)
DA:1,2
DA:3,2
DA:4,0
DA:6,0
LF:4
LH:2
BRF:0
BRH:0
end_of_record
TN:
SF:middleware\validateObjectId.cjs
FN:3,(anonymous_0)
FNF:1
FNH:1
FNDA:2,(anonymous_0)
DA:1,2
DA:3,2
DA:4,2
DA:5,1
DA:7,1
LF:5
LH:5
BRDA:4,0,0,1
BRDA:4,0,1,1
BRF:2
BRH:2
end_of_record
TN:
SF:models\customer.cjs
FN:28,validateCustomer
FNF:1
FNH:0
FNDA:0,validateCustomer
DA:1,2
DA:2,2
DA:3,2
DA:5,2
DA:29,0
DA:34,0
DA:37,2
DA:38,2
LF:8
LH:6
BRF:0
BRH:0
end_of_record
TN:
SF:models\genre.cjs
FN:16,validateGenrePost
FNF:1
FNH:1
FNDA:6,validateGenrePost
DA:1,2
DA:2,2
DA:3,2
DA:5,2
DA:14,2
DA:17,6
DA:20,6
DA:23,2
DA:24,2
DA:26,2
LF:10
LH:10
BRF:0
BRH:0
end_of_record
TN:
SF:models\movie.cjs
FN:36,validateMovie
FNF:1
FNH:0
FNDA:0,validateMovie
DA:1,2
DA:2,2
DA:4,2
DA:6,2
DA:37,0
DA:44,0
DA:47,2
DA:48,2
LF:8
LH:6
BRF:0
BRH:0
end_of_record
TN:
SF:models\rental.cjs
FN:61,validateRental
FNF:1
FNH:0
FNDA:0,validateRental
DA:1,2
DA:2,2
DA:4,2
DA:62,0
DA:66,0
DA:69,2
DA:70,2
LF:7
LH:5
BRF:0
BRH:0
end_of_record
TN:
SF:models\user.cjs
FN:41,(anonymous_0)
FN:51,validateUser
FN:65,validateUserPost
FNF:3
FNH:1
FNDA:11,(anonymous_0)
FNDA:0,validateUser
FNDA:0,validateUserPost
DA:1,4
DA:2,4
DA:3,4
DA:4,4
DA:5,4
DA:6,4
DA:8,4
DA:18,4
DA:41,4
DA:42,11
DA:46,11
DA:49,4
DA:52,0
DA:53,0
DA:55,0
DA:60,0
DA:66,0
DA:71,0
DA:73,4
DA:74,4
DA:75,4
LF:21
LH:15
BRDA:52,0,0,0
BRDA:52,0,1,0
BRF:2
BRH:0
end_of_record
TN:
SF:routes\auth.cjs
FN:8,(anonymous_0)
FN:23,validate
FNF:2
FNH:0
FNDA:0,(anonymous_0)
FNDA:0,validate
DA:1,2
DA:2,2
DA:3,2
DA:4,2
DA:5,2
DA:6,2
DA:8,2
DA:9,0
DA:10,0
DA:12,0
DA:13,0
DA:15,0
DA:16,0
DA:18,0
DA:20,0
DA:24,0
DA:28,0
DA:31,2
LF:18
LH:8
BRDA:10,0,0,0
BRDA:10,0,1,0
BRDA:13,1,0,0
BRDA:13,1,1,0
BRDA:16,2,0,0
BRDA:16,2,1,0
BRF:6
BRH:0
end_of_record
TN:
SF:routes\customers.cjs
FN:6,(anonymous_0)
FN:11,(anonymous_1)
FN:24,(anonymous_2)
FN:46,(anonymous_3)
FN:57,(anonymous_4)
FNF:5
FNH:0
FNDA:0,(anonymous_0)
FNDA:0,(anonymous_1)
FNDA:0,(anonymous_2)
FNDA:0,(anonymous_3)
FNDA:0,(anonymous_4)
DA:1,2
DA:2,2
DA:4,2
DA:6,2
DA:7,0
DA:8,0
DA:11,2
DA:12,0
DA:13,0
DA:15,0
DA:20,0
DA:21,0
DA:24,2
DA:26,0
DA:27,0
DA:29,0
DA:37,0
DA:38,0
DA:43,0
DA:46,2
DA:47,0
DA:49,0
DA:50,0
DA:54,0
DA:57,2
DA:58,0
DA:60,0
DA:61,0
DA:65,0
DA:68,2
LF:30
LH:9
BRDA:13,0,0,0
BRDA:13,0,1,0
BRDA:27,1,0,0
BRDA:27,1,1,0
BRDA:37,2,0,0
BRDA:37,2,1,0
BRDA:49,3,0,0
BRDA:49,3,1,0
BRDA:60,4,0,0
BRDA:60,4,1,0
BRF:10
BRH:0
end_of_record
TN:
SF:routes\genres.cjs
FN:9,(anonymous_0)
FN:14,(anonymous_1)
FN:23,(anonymous_2)
FN:43,(anonymous_3)
FN:51,(anonymous_4)
FNF:5
FNH:3
FNDA:1,(anonymous_0)
FNDA:6,(anonymous_1)
FNDA:0,(anonymous_2)
FNDA:1,(anonymous_3)
FNDA:0,(anonymous_4)
DA:1,2
DA:2,2
DA:3,2
DA:4,2
DA:5,2
DA:6,2
DA:7,2
DA:9,2
DA:10,1
DA:11,1
DA:14,2
DA:15,6
DA:16,6
DA:18,3
DA:19,3
DA:20,3
DA:23,2
DA:25,0
DA:26,0
DA:28,0
DA:36,0
DA:37,0
DA:40,0
DA:43,2
DA:44,1
DA:45,1
DA:46,0
DA:48,1
DA:51,2
DA:52,0
DA:53,0
DA:55,0
DA:56,0
DA:58,0
DA:60,0
DA:64,2
LF:36
LH:23
BRDA:16,0,0,3
BRDA:16,0,1,3
BRDA:26,1,0,0
BRDA:26,1,1,0
BRDA:36,2,0,0
BRDA:36,2,1,0
BRDA:45,3,0,0
BRDA:45,3,1,1
BRDA:55,4,0,0
BRDA:55,4,1,0
BRF:10
BRH:3
end_of_record
TN:
SF:routes\movies.cjs
FN:7,(anonymous_0)
FN:12,(anonymous_1)
FN:33,(anonymous_2)
FN:60,(anonymous_3)
FN:69,(anonymous_4)
FNF:5
FNH:0
FNDA:0,(anonymous_0)
FNDA:0,(anonymous_1)
FNDA:0,(anonymous_2)
FNDA:0,(anonymous_3)
FNDA:0,(anonymous_4)
DA:1,2
DA:2,2
DA:3,2
DA:5,2
DA:7,2
DA:8,0
DA:9,0
DA:12,2
DA:13,0
DA:14,0
DA:16,0
DA:17,0
DA:19,0
DA:28,0
DA:30,0
DA:33,2
DA:34,0
DA:35,0
DA:37,0
DA:38,0
DA:40,0
DA:54,0
DA:55,0
DA:57,0
DA:60,2
DA:61,0
DA:63,0
DA:64,0
DA:66,0
DA:69,2
DA:70,0
DA:72,0
DA:73,0
DA:75,0
DA:78,2
LF:35
LH:10
BRDA:14,0,0,0
BRDA:14,0,1,0
BRDA:17,1,0,0
BRDA:17,1,1,0
BRDA:35,2,0,0
BRDA:35,2,1,0
BRDA:38,3,0,0
BRDA:38,3,1,0
BRDA:54,4,0,0
BRDA:54,4,1,0
BRDA:63,5,0,0
BRDA:63,5,1,0
BRDA:72,6,0,0
BRDA:72,6,1,0
BRF:14
BRH:0
end_of_record
TN:
SF:routes\rentals.cjs
FN:10,(anonymous_0)
FN:15,(anonymous_1)
FN:57,(anonymous_2)
FN:77,(anonymous_3)
FN:91,(anonymous_4)
FNF:5
FNH:0
FNDA:0,(anonymous_0)
FNDA:0,(anonymous_1)
FNDA:0,(anonymous_2)
FNDA:0,(anonymous_3)
FNDA:0,(anonymous_4)
DA:1,2
DA:2,2
DA:3,2
DA:4,2
DA:5,2
DA:6,2
DA:8,2
DA:10,2
DA:11,0
DA:12,0
DA:15,2
DA:16,0
DA:17,0
DA:19,0
DA:20,0
DA:22,0
DA:23,0
DA:25,0
DA:26,0
DA:28,0
DA:41,0
DA:42,0
DA:51,0
DA:53,0
DA:57,2
DA:59,0
DA:60,0
DA:62,0
DA:70,0
DA:71,0
DA:74,0
DA:77,2
DA:78,0
DA:79,0
DA:80,0
DA:81,0
DA:85,0
DA:87,0
DA:91,2
DA:92,0
DA:93,0
DA:95,0
DA:96,0
DA:100,0
DA:102,0
DA:106,2
LF:46
LH:13
BRDA:17,0,0,0
BRDA:17,0,1,0
BRDA:20,1,0,0
BRDA:20,1,1,0
BRDA:23,2,0,0
BRDA:23,2,1,0
BRDA:25,3,0,0
BRDA:25,3,1,0
BRDA:60,4,0,0
BRDA:60,4,1,0
BRDA:70,5,0,0
BRDA:70,5,1,0
BRDA:80,6,0,0
BRDA:80,6,1,0
BRDA:95,7,0,0
BRDA:95,7,1,0
BRF:16
BRH:0
end_of_record
TN:
SF:routes\users.cjs
FN:8,(anonymous_0)
FN:13,(anonymous_1)
FNF:2
FNH:0
FNDA:0,(anonymous_0)
FNDA:0,(anonymous_1)
DA:1,2
DA:2,2
DA:3,2
DA:4,2
DA:5,2
DA:6,2
DA:8,2
DA:9,0
DA:10,0
DA:13,2
DA:14,0
DA:15,0
DA:17,0
DA:18,0
DA:20,0
DA:21,0
DA:22,0
DA:23,0
DA:25,0
DA:27,0
DA:32,2
LF:21
LH:9
BRDA:15,0,0,0
BRDA:15,0,1,0
BRDA:18,1,0,0
BRDA:18,1,1,0
BRF:4
BRH:0
end_of_record
TN:
SF:startup\config.cjs
FN:3,(anonymous_0)
FNF:1
FNH:1
FNDA:2,(anonymous_0)
DA:1,2
DA:3,2
DA:4,2
DA:5,2
DA:6,0
LF:5
LH:4
BRDA:5,0,0,0
BRDA:5,0,1,2
BRF:2
BRH:1
end_of_record
TN:
SF:startup\db.cjs
FN:8,(anonymous_0)
FN:10,(anonymous_1)
FNF:2
FNH:2
FNDA:2,(anonymous_0)
FNDA:2,(anonymous_1)
DA:1,2
DA:2,2
DA:3,2
DA:5,2
DA:8,2
DA:9,2
DA:10,2
LF:7
LH:7
BRF:0
BRH:0
end_of_record
TN:
SF:startup\logging.cjs
FN:6,(anonymous_0)
FN:26,(anonymous_1)
FN:44,(anonymous_2)
FNF:3
FNH:3
FNDA:2,(anonymous_0)
FNDA:12,(anonymous_1)
FNDA:12,(anonymous_2)
DA:1,2
DA:2,2
DA:3,2
DA:4,2
DA:6,2
DA:7,2
DA:24,2
DA:25,2
DA:26,2
DA:27,12
DA:28,0
DA:30,12
DA:33,2
DA:44,2
DA:45,12
DA:50,12
LF:16
LH:15
BRDA:27,0,0,0
BRDA:27,0,1,12
BRF:2
BRH:1
end_of_record
TN:
SF:startup\routes.cjs
FN:10,(anonymous_0)
FNF:1
FNH:1
FNDA:2,(anonymous_0)
DA:1,2
DA:2,2
DA:3,2
DA:4,2
DA:5,2
DA:6,2
DA:7,2
DA:8,2
DA:10,2
DA:11,2
DA:12,2
DA:13,2
DA:14,2
DA:15,2
DA:16,2
DA:17,2
DA:18,2
LF:17
LH:17
BRF:0
BRH:0
end_of_record
TN:
SF:startup\validation.cjs
FN:3,(anonymous_0)
FNF:1
FNH:1
FNDA:2,(anonymous_0)
DA:1,2
DA:3,2
DA:4,2
LF:3
LH:3
BRF:0
BRH:0
end_of_record
